<?xml version="1.0" encoding="UTF-8"?>
<!-- Generated by org.testng.reporters.JUnitReportReporter -->
<testsuite hostname="DESKTOP-J1R7SKA" name="com.classFirstTest.SecondTest" tests="1" failures="0" timestamp="23 Jan 2022 15:01:36 GMT" time="51.273" errors="0">
  <testcase name="mySecondTest" time="51.273" classname="com.classFirstTest.SecondTest"/>
</testsuite> <!-- com.classFirstTest.SecondTest -->
