<?xml version="1.0" encoding="UTF-8"?>
<!-- Generated by org.testng.reporters.JUnitReportReporter -->
<testsuite hostname="DESKTOP-J1R7SKA" name="com.classFirstTest.FirsttestCloud" tests="1" failures="0" timestamp="23 Jan 2022 11:14:26 GMT" time="25.495" errors="0">
  <testcase name="myFirstCloudTest" time="25.495" classname="com.classFirstTest.FirsttestCloud"/>
</testsuite> <!-- com.classFirstTest.FirsttestCloud -->
