<?xml version="1.0" encoding="UTF-8"?>
<!-- Generated by org.testng.reporters.JUnitReportReporter -->
<testsuite hostname="DESKTOP-J1R7SKA" name="com.classFirstTest.ThirdTest" tests="1" failures="0" timestamp="29 Jan 2022 12:06:26 GMT" time="45.358" errors="0">
  <testcase name="mySecondTest" time="45.358" classname="com.classFirstTest.ThirdTest"/>
</testsuite> <!-- com.classFirstTest.ThirdTest -->
